<?xml version="1.0" encoding="UTF-8"?>
<!-- Generated by org.testng.reporters.JUnitReportReporter -->
<testsuite skipped="0" hostname="Rajan-PC" name="MavenDemo.MavenDemo.LoginTest" tests="1" failures="0" timestamp="07 Sep 2019 13:28:55 GMT" time="162.867" errors="0">
  <testcase name="setup" time="162.867" classname="MavenDemo.MavenDemo.LoginTest"/>
</testsuite> <!-- MavenDemo.MavenDemo.LoginTest -->
